<?xml version="1.0" encoding="UTF-8"?>
<testng-results skipped="0" failed="0" total="5" passed="5">
  <reporter-output>
    <line>
      <![CDATA[Proceed to Get Browser Name from Excel Sheet(C:/SeleniumScripts/AYQAAutomation/lib/InputTestdata.xls)]]>
    </line>
    <line>
      <![CDATA[Proceed to Read Run time Data from Excel Sheet in the location (C:/SeleniumScripts/AYQAAutomation/lib/InputTestdata.xls)]]>
    </line>
    <line>
      <![CDATA[Proceed to Read Run time Data from Excel Sheet in the location (C:/SeleniumScripts/AYQAAutomation/lib/InputTestdata.xls)]]>
    </line>
    <line>
      <![CDATA[<tr><td><b><font size='4' color='Green'><a id="m1"">Procedure Name - GL_LaunchBrowser</a></font></b></td></tr>]]>
    </line>
    <line>
      <![CDATA[<b><font size='3' color='Green'>Procedure No. - 1</font></b>]]>
    </line>
    <line>
      <![CDATA[<table border="3" cellspacing="0"<tr><td><b><font size='4' align="left" color='Black'><Strong>00url</Strong></font></b></td><td><b><font size='4' align="left" color='Black'><Strong>01openurl</Strong></font></b></td>]]>
    </line>
    <line>
      <![CDATA[<tr><td><b><font size='4' align="left" color='Black'>https://qaapp.applyyourself.com/?id=ayauto&facelift=true</font></b></td><td><b><font size='4' align="left" color='Black'></font></b></td>]]>
    </line>
    <line>
      <![CDATA[</table>]]>
    </line>
    <line>
      <![CDATA[Proceed to retrieve Test Data for URL]]>
    </line>
    <line>
      <![CDATA[Test Data was retrieved for URL]]>
    </line>
    <line>
      <![CDATA[Proceed to retrieve Environment From Excel Sheet(C:/SeleniumScripts/AYQAAutomation/lib/InputTestdata.xls)]]>
    </line>
    <line>
      <![CDATA[Step 1 - Proceed to Open URL(https://qaapp.applyyourself.com/?id=ayauto&facelift=true)]]>
    </line>
    <line>
      <![CDATA[<p><a href="#Detail">back to details</a></p>]]>
    </line>
    <line>
      <![CDATA[<hr noshade="noshade"/> ]]>
    </line>
    <line>
      <![CDATA[<tr><td><b><font size='4' color='Green'><a id="m2"">Procedure Name - FC_UserLogin_Input</a></font></b></td></tr>]]>
    </line>
    <line>
      <![CDATA[<b><font size='3' color='Green'>Procedure No. - 2</font></b>]]>
    </line>
    <line>
      <![CDATA[<table border="3" cellspacing="0"<tr><td><b><font size='4' align="left" color='Black'><Strong>00_pin</Strong></font></b></td><td><b><font size='4' align="left" color='Black'><Strong>01_password</Strong></font></b></td><td><b><font size='4' align="left" color='Black'><Strong>02_login</Strong></font></b></td><td><b><font size='4' align="left" color='Black'><Strong>03_forgot_pin</Strong></font></b></td>]]>
    </line>
    <line>
      <![CDATA[<tr><td><b><font size='4' align="left" color='Black'>8KSJ2FD9G36</font></b></td><td><b><font size='4' align="left" color='Black'>Auto123+</font></b></td><td><b><font size='4' align="left" color='Black'>login</font></b></td><td><b><font size='4' align="left" color='Black'></font></b></td>]]>
    </line>
    <line>
      <![CDATA[</table>]]>
    </line>
    <line>
      <![CDATA[Proceed to retrieve Input Test Data for 'Application Login' page]]>
    </line>
    <line>
      <![CDATA[Proceed to Read Run time Data from Excel Sheet in the location (C:/SeleniumScripts/AYQAAutomation/lib/InputTestdata.xls)]]>
    </line>
    <line>
      <![CDATA[Input Test Data was retrieved for 'Application Login' page]]>
    </line>
    <line>
      <![CDATA[Step 1 - Proceed to Enter PIN as (8KSJ2FD9G36)]]>
    </line>
    <line>
      <![CDATA[Step 2 - Proceed to Enter PIN as (Auto123+)]]>
    </line>
    <line>
      <![CDATA[Step 5 - Click on 'Login' Button]]>
    </line>
    <line>
      <![CDATA[<p><a href="#Detail">back to details</a></p>]]>
    </line>
    <line>
      <![CDATA[<hr noshade="noshade"/> ]]>
    </line>
    <line>
      <![CDATA[<tr><td><b><font size='4' color='Green'><a id="m3"">Procedure Name - FC_Dashboard_Verify</a></font></b></td></tr>]]>
    </line>
    <line>
      <![CDATA[<b><font size='3' color='Green'>Procedure No. - 3</font></b>]]>
    </line>
    <line>
      <![CDATA[<table border="3" cellspacing="0"<tr><td><b><font size='4' align="left" color='Black'><Strong>00_ui</Strong></font></b></td><td><b><font size='4' align="left" color='Black'><Strong>01_page_title</Strong></font></b></td><td><b><font size='4' align="left" color='Black'><Strong>02_submittedapplication</Strong></font></b></td>]]>
    </line>
    <line>
      <![CDATA[<tr><td><b><font size='4' align="left" color='Black'></font></b></td><td><b><font size='4' align="left" color='Black'>My Application(s)</font></b></td><td><b><font size='4' align="left" color='Black'></font></b></td>]]>
    </line>
    <line>
      <![CDATA[</table>]]>
    </line>
    <line>
      <![CDATA[Proceed to retrieve Verify Test Data 'Dashboard' page]]>
    </line>
    <line>
      <![CDATA[Verify Test Data was retrieved for 'Dashboard' page]]>
    </line>
    <line>
      <![CDATA[Step 2 - Verify Page Name as[My Application(s)]]]>
    </line>
    <line>
      <![CDATA[<p><a href="#Detail">back to details</a></p>]]>
    </line>
    <line>
      <![CDATA[<hr noshade="noshade"/> ]]>
    </line>
    <line>
      <![CDATA[<tr><td><b><font size='4' color='Green'><a id="m4"">Procedure Name - FC_Dashboard_Input</a></font></b></td></tr>]]>
    </line>
    <line>
      <![CDATA[<b><font size='3' color='Green'>Procedure No. - 4</font></b>]]>
    </line>
    <line>
      <![CDATA[<table border="3" cellspacing="0"<tr><td><b><font size='4' align="left" color='Black'><Strong>00_dashboard_button</Strong></font></b></td><td><b><font size='4' align="left" color='Black'><Strong>01_myapplications_button</Strong></font></b></td><td><b><font size='4' align="left" color='Black'><Strong>02_event_package</Strong></font></b></td><td><b><font size='4' align="left" color='Black'><Strong>03_link_to_click</Strong></font></b></td>]]>
    </line>
    <line>
      <![CDATA[<tr><td><b><font size='4' align="left" color='Black'>Log Out</font></b></td><td><b><font size='4' align="left" color='Black'></font></b></td><td><b><font size='4' align="left" color='Black'></font></b></td><td><b><font size='4' align="left" color='Black'></font></b></td>]]>
    </line>
    <line>
      <![CDATA[</table>]]>
    </line>
    <line>
      <![CDATA[Proceed to retrieve Input Test Data for 'Applicant Welcome' page]]>
    </line>
    <line>
      <![CDATA[Input Test Data was retrieved for 'Applicant Welcome' page]]>
    </line>
    <line>
      <![CDATA[Step 1 - Proceed to Click on (Log Out) Button]]>
    </line>
    <line>
      <![CDATA[<p><a href="#Detail">back to details</a></p>]]>
    </line>
    <line>
      <![CDATA[<hr noshade="noshade"/> ]]>
    </line>
    <line>
      <![CDATA[<tr><td><b><font size='4' color='Green'><a id="m5"">Procedure Name - FC_Login_Verify</a></font></b></td></tr>]]>
    </line>
    <line>
      <![CDATA[<b><font size='3' color='Green'>Procedure No. - 5</font></b>]]>
    </line>
    <line>
      <![CDATA[<table border="3" cellspacing="0"<tr><td><b><font size='4' align="left" color='Black'><Strong>00_ui</Strong></font></b></td><td><b><font size='4' align="left" color='Black'><Strong>01_message_to_verify</Strong></font></b></td><td><b><font size='4' align="left" color='Black'><Strong>02_should_verify_tab</Strong></font></b></td><td><b><font size='4' align="left" color='Black'><Strong>03_tab_status</Strong></font></b></td><td><b><font size='4' align="left" color='Black'><Strong>04_tab_name</Strong></font></b></td>]]>
    </line>
    <line>
      <![CDATA[<tr><td><b><font size='4' align="left" color='Black'></font></b></td><td><b><font size='4' align="left" color='Black'>Successful Logout!</font></b></td><td><b><font size='4' align="left" color='Black'></font></b></td><td><b><font size='4' align="left" color='Black'></font></b></td><td><b><font size='4' align="left" color='Black'></font></b></td>]]>
    </line>
    <line>
      <![CDATA[</table>]]>
    </line>
    <line>
      <![CDATA[Proceed to retrieve Verify Test Data 'Applyyourself Login' page]]>
    </line>
    <line>
      <![CDATA[Verify Test Data was retrieved for 'Applyyourself Login' page]]>
    </line>
    <line>
      <![CDATA[<p><a href="#Detail">back to details</a></p>]]>
    </line>
    <line>
      <![CDATA[<hr noshade="noshade"/> ]]>
    </line>
  </reporter-output>
  <suite name="DriverSuite" duration-ms="22890" started-at="2016-08-31T09:06:27Z" finished-at="2016-08-31T09:06:50Z">
    <groups>
    </groups>
    <test name="SmokeTest" duration-ms="22890" started-at="2016-08-31T09:06:27Z" finished-at="2016-08-31T09:06:50Z">
      <class name="procedures_NewFramework.AYSmoke.Facelift.FC_UserLogin_Input">
        <test-method status="PASS" signature="datagenerator()[pri:0, instance:procedures_NewFramework.AYSmoke.Facelift.FC_UserLogin_Input@46daef40]" name="datagenerator" is-config="true" duration-ms="0" started-at="2016-08-31T05:06:40Z" finished-at="2016-08-31T05:06:40Z">
          <reporter-output>
          </reporter-output>
        </test-method> <!-- datagenerator -->
        <test-method status="PASS" signature="FC_UserLogin_Input()[pri:0, instance:procedures_NewFramework.AYSmoke.Facelift.FC_UserLogin_Input@46daef40]" name="FC_UserLogin_Input" duration-ms="6462" started-at="2016-08-31T05:06:40Z" description="This Procedure is to perform some operation in &#039;Application Login&#039; page" finished-at="2016-08-31T05:06:47Z">
          <reporter-output>
            <line>
              <![CDATA[<tr><td><b><font size='4' color='Green'><a id="m2"">Procedure Name - FC_UserLogin_Input</a></font></b></td></tr>]]>
            </line>
            <line>
              <![CDATA[<b><font size='3' color='Green'>Procedure No. - 2</font></b>]]>
            </line>
            <line>
              <![CDATA[<table border="3" cellspacing="0"<tr><td><b><font size='4' align="left" color='Black'><Strong>00_pin</Strong></font></b></td><td><b><font size='4' align="left" color='Black'><Strong>01_password</Strong></font></b></td><td><b><font size='4' align="left" color='Black'><Strong>02_login</Strong></font></b></td><td><b><font size='4' align="left" color='Black'><Strong>03_forgot_pin</Strong></font></b></td>]]>
            </line>
            <line>
              <![CDATA[<tr><td><b><font size='4' align="left" color='Black'>8KSJ2FD9G36</font></b></td><td><b><font size='4' align="left" color='Black'>Auto123+</font></b></td><td><b><font size='4' align="left" color='Black'>login</font></b></td><td><b><font size='4' align="left" color='Black'></font></b></td>]]>
            </line>
            <line>
              <![CDATA[</table>]]>
            </line>
            <line>
              <![CDATA[Proceed to retrieve Input Test Data for 'Application Login' page]]>
            </line>
            <line>
              <![CDATA[Proceed to Read Run time Data from Excel Sheet in the location (C:/SeleniumScripts/AYQAAutomation/lib/InputTestdata.xls)]]>
            </line>
            <line>
              <![CDATA[Input Test Data was retrieved for 'Application Login' page]]>
            </line>
            <line>
              <![CDATA[Step 1 - Proceed to Enter PIN as (8KSJ2FD9G36)]]>
            </line>
            <line>
              <![CDATA[Step 2 - Proceed to Enter PIN as (Auto123+)]]>
            </line>
            <line>
              <![CDATA[Step 5 - Click on 'Login' Button]]>
            </line>
          </reporter-output>
        </test-method> <!-- FC_UserLogin_Input -->
        <test-method status="PASS" signature="failurescreenshot(org.testng.ITestResult, org.testng.ITestContext)[pri:0, instance:procedures_NewFramework.AYSmoke.Facelift.FC_UserLogin_Input@46daef40]" name="failurescreenshot" is-config="true" duration-ms="0" started-at="2016-08-31T05:06:47Z" finished-at="2016-08-31T05:06:47Z">
          <params>
            <param index="0">
              <value>
                <![CDATA[[TestResult name=FC_UserLogin_Input status=SUCCESS method=FC_UserLogin_Input.FC_UserLogin_Input()[pri:0, instance:procedures_NewFramework.AYSmoke.Facelift.FC_UserLogin_Input@46daef40] output=<tr><td><b><font size='4' color='Green'><a id="m2"">Procedure Name - FC_UserLogin_Input</a></font></b></td></tr>]]]>
              </value>
            </param>
            <param index="1">
              <value>
                <![CDATA[org.testng.TestRunner@fade1fc]]>
              </value>
            </param>
          </params>
          <reporter-output>
            <line>
              <![CDATA[<p><a href="#Detail">back to details</a></p>]]>
            </line>
            <line>
              <![CDATA[<hr noshade="noshade"/> ]]>
            </line>
          </reporter-output>
        </test-method> <!-- failurescreenshot -->
      </class> <!-- procedures_NewFramework.AYSmoke.Facelift.FC_UserLogin_Input -->
      <class name="procedures_NewFramework.AYSmoke.Facelift.FC_Dashboard_Input">
        <test-method status="PASS" signature="datagenerator()[pri:0, instance:procedures_NewFramework.AYSmoke.Facelift.FC_Dashboard_Input@3fee9989]" name="datagenerator" is-config="true" duration-ms="0" started-at="2016-08-31T05:06:47Z" finished-at="2016-08-31T05:06:47Z">
          <reporter-output>
          </reporter-output>
        </test-method> <!-- datagenerator -->
        <test-method status="PASS" signature="FC_Dashboard_Input()[pri:0, instance:procedures_NewFramework.AYSmoke.Facelift.FC_Dashboard_Input@3fee9989]" name="FC_Dashboard_Input" duration-ms="3301" started-at="2016-08-31T05:06:47Z" description="This Procedure is to perform some Operation in &#039;Applicant Welcome&#039; page" finished-at="2016-08-31T05:06:50Z">
          <reporter-output>
            <line>
              <![CDATA[<tr><td><b><font size='4' color='Green'><a id="m4"">Procedure Name - FC_Dashboard_Input</a></font></b></td></tr>]]>
            </line>
            <line>
              <![CDATA[<b><font size='3' color='Green'>Procedure No. - 4</font></b>]]>
            </line>
            <line>
              <![CDATA[<table border="3" cellspacing="0"<tr><td><b><font size='4' align="left" color='Black'><Strong>00_dashboard_button</Strong></font></b></td><td><b><font size='4' align="left" color='Black'><Strong>01_myapplications_button</Strong></font></b></td><td><b><font size='4' align="left" color='Black'><Strong>02_event_package</Strong></font></b></td><td><b><font size='4' align="left" color='Black'><Strong>03_link_to_click</Strong></font></b></td>]]>
            </line>
            <line>
              <![CDATA[<tr><td><b><font size='4' align="left" color='Black'>Log Out</font></b></td><td><b><font size='4' align="left" color='Black'></font></b></td><td><b><font size='4' align="left" color='Black'></font></b></td><td><b><font size='4' align="left" color='Black'></font></b></td>]]>
            </line>
            <line>
              <![CDATA[</table>]]>
            </line>
            <line>
              <![CDATA[Proceed to retrieve Input Test Data for 'Applicant Welcome' page]]>
            </line>
            <line>
              <![CDATA[Input Test Data was retrieved for 'Applicant Welcome' page]]>
            </line>
            <line>
              <![CDATA[Step 1 - Proceed to Click on (Log Out) Button]]>
            </line>
          </reporter-output>
        </test-method> <!-- FC_Dashboard_Input -->
        <test-method status="PASS" signature="failurescreenshot(org.testng.ITestResult, org.testng.ITestContext)[pri:0, instance:procedures_NewFramework.AYSmoke.Facelift.FC_Dashboard_Input@3fee9989]" name="failurescreenshot" is-config="true" duration-ms="0" started-at="2016-08-31T05:06:50Z" finished-at="2016-08-31T05:06:50Z">
          <params>
            <param index="0">
              <value>
                <![CDATA[[TestResult name=FC_Dashboard_Input status=SUCCESS method=FC_Dashboard_Input.FC_Dashboard_Input()[pri:0, instance:procedures_NewFramework.AYSmoke.Facelift.FC_Dashboard_Input@3fee9989] output=<tr><td><b><font size='4' color='Green'><a id="m4"">Procedure Name - FC_Dashboard_Input</a></font></b></td></tr>]]]>
              </value>
            </param>
            <param index="1">
              <value>
                <![CDATA[org.testng.TestRunner@fade1fc]]>
              </value>
            </param>
          </params>
          <reporter-output>
            <line>
              <![CDATA[<p><a href="#Detail">back to details</a></p>]]>
            </line>
            <line>
              <![CDATA[<hr noshade="noshade"/> ]]>
            </line>
          </reporter-output>
        </test-method> <!-- failurescreenshot -->
      </class> <!-- procedures_NewFramework.AYSmoke.Facelift.FC_Dashboard_Input -->
      <class name="procedures_NewFramework.AYSmoke.General.GL_LaunchBrowser">
        <test-method status="PASS" signature="datagenerator()[pri:0, instance:procedures_NewFramework.AYSmoke.General.GL_LaunchBrowser@1e7c7811]" name="datagenerator" is-config="true" duration-ms="0" started-at="2016-08-31T05:06:27Z" finished-at="2016-08-31T05:06:27Z">
          <reporter-output>
          </reporter-output>
        </test-method> <!-- datagenerator -->
        <test-method status="PASS" signature="GL_LaunchBrowser()[pri:0, instance:procedures_NewFramework.AYSmoke.General.GL_LaunchBrowser@1e7c7811]" name="GL_LaunchBrowser" duration-ms="13111" started-at="2016-08-31T05:06:27Z" description="This procedure is to Navigate URL" finished-at="2016-08-31T05:06:40Z">
          <reporter-output>
            <line>
              <![CDATA[Proceed to Read Run time Data from Excel Sheet in the location (C:/SeleniumScripts/AYQAAutomation/lib/InputTestdata.xls)]]>
            </line>
            <line>
              <![CDATA[<tr><td><b><font size='4' color='Green'><a id="m1"">Procedure Name - GL_LaunchBrowser</a></font></b></td></tr>]]>
            </line>
            <line>
              <![CDATA[<b><font size='3' color='Green'>Procedure No. - 1</font></b>]]>
            </line>
            <line>
              <![CDATA[<table border="3" cellspacing="0"<tr><td><b><font size='4' align="left" color='Black'><Strong>00url</Strong></font></b></td><td><b><font size='4' align="left" color='Black'><Strong>01openurl</Strong></font></b></td>]]>
            </line>
            <line>
              <![CDATA[<tr><td><b><font size='4' align="left" color='Black'>https://qaapp.applyyourself.com/?id=ayauto&facelift=true</font></b></td><td><b><font size='4' align="left" color='Black'></font></b></td>]]>
            </line>
            <line>
              <![CDATA[</table>]]>
            </line>
            <line>
              <![CDATA[Proceed to retrieve Test Data for URL]]>
            </line>
            <line>
              <![CDATA[Test Data was retrieved for URL]]>
            </line>
            <line>
              <![CDATA[Proceed to retrieve Environment From Excel Sheet(C:/SeleniumScripts/AYQAAutomation/lib/InputTestdata.xls)]]>
            </line>
            <line>
              <![CDATA[Step 1 - Proceed to Open URL(https://qaapp.applyyourself.com/?id=ayauto&facelift=true)]]>
            </line>
          </reporter-output>
        </test-method> <!-- GL_LaunchBrowser -->
        <test-method status="PASS" signature="failurescreenshot(org.testng.ITestResult, org.testng.ITestContext)[pri:0, instance:procedures_NewFramework.AYSmoke.General.GL_LaunchBrowser@1e7c7811]" name="failurescreenshot" is-config="true" duration-ms="1" started-at="2016-08-31T05:06:40Z" finished-at="2016-08-31T05:06:40Z">
          <params>
            <param index="0">
              <value>
                <![CDATA[[TestResult name=GL_LaunchBrowser status=SUCCESS method=GL_LaunchBrowser.GL_LaunchBrowser()[pri:0, instance:procedures_NewFramework.AYSmoke.General.GL_LaunchBrowser@1e7c7811] output=Proceed to Read Run time Data from Excel Sheet in the location (C:/SeleniumScripts/AYQAAutomation/lib/InputTestdata.xls)]]]>
              </value>
            </param>
            <param index="1">
              <value>
                <![CDATA[org.testng.TestRunner@fade1fc]]>
              </value>
            </param>
          </params>
          <reporter-output>
            <line>
              <![CDATA[<p><a href="#Detail">back to details</a></p>]]>
            </line>
            <line>
              <![CDATA[<hr noshade="noshade"/> ]]>
            </line>
          </reporter-output>
        </test-method> <!-- failurescreenshot -->
      </class> <!-- procedures_NewFramework.AYSmoke.General.GL_LaunchBrowser -->
      <class name="procedures_NewFramework.AYSmoke.Facelift.FC_Login_Verify">
        <test-method status="PASS" signature="datagenerator()[pri:0, instance:procedures_NewFramework.AYSmoke.Facelift.FC_Login_Verify@6325a3ee]" name="datagenerator" is-config="true" duration-ms="1" started-at="2016-08-31T05:06:50Z" finished-at="2016-08-31T05:06:50Z">
          <reporter-output>
          </reporter-output>
        </test-method> <!-- datagenerator -->
        <test-method status="PASS" signature="FC_Login_Verify()[pri:0, instance:procedures_NewFramework.AYSmoke.Facelift.FC_Login_Verify@6325a3ee]" name="FC_Login_Verify" duration-ms="0" started-at="2016-08-31T05:06:50Z" description="This Procedure is to perform some Verification in &#039;Applyyourself Login&#039; page" finished-at="2016-08-31T05:06:50Z">
          <reporter-output>
            <line>
              <![CDATA[<tr><td><b><font size='4' color='Green'><a id="m5"">Procedure Name - FC_Login_Verify</a></font></b></td></tr>]]>
            </line>
            <line>
              <![CDATA[<b><font size='3' color='Green'>Procedure No. - 5</font></b>]]>
            </line>
            <line>
              <![CDATA[<table border="3" cellspacing="0"<tr><td><b><font size='4' align="left" color='Black'><Strong>00_ui</Strong></font></b></td><td><b><font size='4' align="left" color='Black'><Strong>01_message_to_verify</Strong></font></b></td><td><b><font size='4' align="left" color='Black'><Strong>02_should_verify_tab</Strong></font></b></td><td><b><font size='4' align="left" color='Black'><Strong>03_tab_status</Strong></font></b></td><td><b><font size='4' align="left" color='Black'><Strong>04_tab_name</Strong></font></b></td>]]>
            </line>
            <line>
              <![CDATA[<tr><td><b><font size='4' align="left" color='Black'></font></b></td><td><b><font size='4' align="left" color='Black'>Successful Logout!</font></b></td><td><b><font size='4' align="left" color='Black'></font></b></td><td><b><font size='4' align="left" color='Black'></font></b></td><td><b><font size='4' align="left" color='Black'></font></b></td>]]>
            </line>
            <line>
              <![CDATA[</table>]]>
            </line>
            <line>
              <![CDATA[Proceed to retrieve Verify Test Data 'Applyyourself Login' page]]>
            </line>
            <line>
              <![CDATA[Verify Test Data was retrieved for 'Applyyourself Login' page]]>
            </line>
          </reporter-output>
        </test-method> <!-- FC_Login_Verify -->
        <test-method status="PASS" signature="failurescreenshot(org.testng.ITestResult, org.testng.ITestContext)[pri:0, instance:procedures_NewFramework.AYSmoke.Facelift.FC_Login_Verify@6325a3ee]" name="failurescreenshot" is-config="true" duration-ms="0" started-at="2016-08-31T05:06:50Z" finished-at="2016-08-31T05:06:50Z">
          <params>
            <param index="0">
              <value>
                <![CDATA[[TestResult name=FC_Login_Verify status=SUCCESS method=FC_Login_Verify.FC_Login_Verify()[pri:0, instance:procedures_NewFramework.AYSmoke.Facelift.FC_Login_Verify@6325a3ee] output=<tr><td><b><font size='4' color='Green'><a id="m5"">Procedure Name - FC_Login_Verify</a></font></b></td></tr>]]]>
              </value>
            </param>
            <param index="1">
              <value>
                <![CDATA[org.testng.TestRunner@fade1fc]]>
              </value>
            </param>
          </params>
          <reporter-output>
            <line>
              <![CDATA[<p><a href="#Detail">back to details</a></p>]]>
            </line>
            <line>
              <![CDATA[<hr noshade="noshade"/> ]]>
            </line>
          </reporter-output>
        </test-method> <!-- failurescreenshot -->
      </class> <!-- procedures_NewFramework.AYSmoke.Facelift.FC_Login_Verify -->
      <class name="procedures_NewFramework.AYSmoke.StudentFacingProcedures.Application.EnrollmentSubmissionComplete_Input">
        <test-method status="PASS" signature="startseleniumserver(org.testng.ITestContext)[pri:0, instance:procedures_NewFramework.AYSmoke.StudentFacingProcedures.Application.EnrollmentSubmissionComplete_Input@4667ae56]" name="startseleniumserver" is-config="true" duration-ms="9013" started-at="2016-08-31T05:06:18Z" finished-at="2016-08-31T05:06:27Z">
          <params>
            <param index="0">
              <value>
                <![CDATA[org.testng.TestRunner@fade1fc]]>
              </value>
            </param>
          </params>
          <reporter-output>
            <line>
              <![CDATA[Proceed to Get Browser Name from Excel Sheet(C:/SeleniumScripts/AYQAAutomation/lib/InputTestdata.xls)]]>
            </line>
            <line>
              <![CDATA[Proceed to Read Run time Data from Excel Sheet in the location (C:/SeleniumScripts/AYQAAutomation/lib/InputTestdata.xls)]]>
            </line>
          </reporter-output>
        </test-method> <!-- startseleniumserver -->
        <test-method status="PASS" signature="shutdownseleniumserver(org.testng.ITestContext)[pri:0, instance:procedures_NewFramework.AYSmoke.StudentFacingProcedures.Application.EnrollmentSubmissionComplete_Input@4667ae56]" name="shutdownseleniumserver" is-config="true" duration-ms="1954" started-at="2016-08-31T05:06:50Z" finished-at="2016-08-31T05:06:52Z">
          <params>
            <param index="0">
              <value>
                <![CDATA[org.testng.TestRunner@fade1fc]]>
              </value>
            </param>
          </params>
          <reporter-output>
          </reporter-output>
        </test-method> <!-- shutdownseleniumserver -->
      </class> <!-- procedures_NewFramework.AYSmoke.StudentFacingProcedures.Application.EnrollmentSubmissionComplete_Input -->
      <class name="procedures_NewFramework.AYSmoke.Facelift.FC_Dashboard_Verify">
        <test-method status="PASS" signature="failurescreenshot(org.testng.ITestResult, org.testng.ITestContext)[pri:0, instance:procedures_NewFramework.AYSmoke.Facelift.FC_Dashboard_Verify@6ee52dcd]" name="failurescreenshot" is-config="true" duration-ms="1" started-at="2016-08-31T05:06:47Z" finished-at="2016-08-31T05:06:47Z">
          <params>
            <param index="0">
              <value>
                <![CDATA[[TestResult name=FC_Dashboard_Verify status=SUCCESS method=FC_Dashboard_Verify.FC_Dashboard_Verify()[pri:0, instance:procedures_NewFramework.AYSmoke.Facelift.FC_Dashboard_Verify@6ee52dcd] output=<tr><td><b><font size='4' color='Green'><a id="m3"">Procedure Name - FC_Dashboard_Verify</a></font></b></td></tr>]]]>
              </value>
            </param>
            <param index="1">
              <value>
                <![CDATA[org.testng.TestRunner@fade1fc]]>
              </value>
            </param>
          </params>
          <reporter-output>
            <line>
              <![CDATA[<p><a href="#Detail">back to details</a></p>]]>
            </line>
            <line>
              <![CDATA[<hr noshade="noshade"/> ]]>
            </line>
          </reporter-output>
        </test-method> <!-- failurescreenshot -->
        <test-method status="PASS" signature="FC_Dashboard_Verify()[pri:0, instance:procedures_NewFramework.AYSmoke.Facelift.FC_Dashboard_Verify@6ee52dcd]" name="FC_Dashboard_Verify" duration-ms="0" started-at="2016-08-31T05:06:47Z" description="This Procedure is to perform some Verification in &#039;Dashboard&#039; page" finished-at="2016-08-31T05:06:47Z">
          <reporter-output>
            <line>
              <![CDATA[<tr><td><b><font size='4' color='Green'><a id="m3"">Procedure Name - FC_Dashboard_Verify</a></font></b></td></tr>]]>
            </line>
            <line>
              <![CDATA[<b><font size='3' color='Green'>Procedure No. - 3</font></b>]]>
            </line>
            <line>
              <![CDATA[<table border="3" cellspacing="0"<tr><td><b><font size='4' align="left" color='Black'><Strong>00_ui</Strong></font></b></td><td><b><font size='4' align="left" color='Black'><Strong>01_page_title</Strong></font></b></td><td><b><font size='4' align="left" color='Black'><Strong>02_submittedapplication</Strong></font></b></td>]]>
            </line>
            <line>
              <![CDATA[<tr><td><b><font size='4' align="left" color='Black'></font></b></td><td><b><font size='4' align="left" color='Black'>My Application(s)</font></b></td><td><b><font size='4' align="left" color='Black'></font></b></td>]]>
            </line>
            <line>
              <![CDATA[</table>]]>
            </line>
            <line>
              <![CDATA[Proceed to retrieve Verify Test Data 'Dashboard' page]]>
            </line>
            <line>
              <![CDATA[Verify Test Data was retrieved for 'Dashboard' page]]>
            </line>
            <line>
              <![CDATA[Step 2 - Verify Page Name as[My Application(s)]]]>
            </line>
          </reporter-output>
        </test-method> <!-- FC_Dashboard_Verify -->
        <test-method status="PASS" signature="datagenerator()[pri:0, instance:procedures_NewFramework.AYSmoke.Facelift.FC_Dashboard_Verify@6ee52dcd]" name="datagenerator" is-config="true" duration-ms="0" started-at="2016-08-31T05:06:47Z" finished-at="2016-08-31T05:06:47Z">
          <reporter-output>
          </reporter-output>
        </test-method> <!-- datagenerator -->
      </class> <!-- procedures_NewFramework.AYSmoke.Facelift.FC_Dashboard_Verify -->
    </test> <!-- SmokeTest -->
  </suite> <!-- DriverSuite -->
</testng-results>
