<?xml version="1.0" encoding="UTF-8"?>
<testng-results skipped="1" failed="0" total="1" passed="0">
  <reporter-output>
    <line>
      <![CDATA[Proceed to Get Browser Name from Excel Sheet(C:/Selenium/InputTestdata.xls)]]>
    </line>
    <line>
      <![CDATA[Proceed to Read Run time Data from Excel Sheet in the location (C:/SeleniumScripts/AYQAAutomation/lib/InputTestdata.xls)]]>
    </line>
    <line>
      <![CDATA[Failure Screenshot saved at C:\SeleniumScripts\AYQAAutomation\test-output\Failurescreenshot\Email_Verification_0.PNG]]>
    </line>
    <line>
      <![CDATA[<a href='file:///C:\SeleniumScripts\AYQAAutomation\test-output\Failurescreenshot\Email_Verification_0.PNG'><img src='file:///C:\SeleniumScripts\AYQAAutomation\test-output\Failurescreenshot\Email_Verification_0.PNG' height='200' width='200'></a>]]>
    </line>
    <line>
      <![CDATA[<p><a href="#Detail">back to details</a></p>]]>
    </line>
    <line>
      <![CDATA[<hr noshade="noshade"/> ]]>
    </line>
  </reporter-output>
  <suite name="Default suite" duration-ms="251" started-at="2015-06-29T08:22:07Z" finished-at="2015-06-29T08:22:08Z">
    <groups>
    </groups>
    <test name="Default test" duration-ms="251" started-at="2015-06-29T08:22:07Z" finished-at="2015-06-29T08:22:08Z">
      <class name="procedures_NewFramework.AYSmoke.WebMail.Email_Verification">
        <test-method status="PASS" signature="startseleniumserver(org.testng.ITestContext)[pri:0, instance:procedures_NewFramework.AYSmoke.WebMail.Email_Verification@4242a9]" name="startseleniumserver" is-config="true" duration-ms="4986" started-at="2015-06-29T04:22:02Z" finished-at="2015-06-29T04:22:07Z">
          <params>
            <param index="0">
              <value>
                <![CDATA[org.testng.TestRunner@13e4e54]]>
              </value>
            </param>
          </params>
          <reporter-output>
            <line>
              <![CDATA[Proceed to Get Browser Name from Excel Sheet(C:/Selenium/InputTestdata.xls)]]>
            </line>
            <line>
              <![CDATA[Proceed to Read Run time Data from Excel Sheet in the location (C:/SeleniumScripts/AYQAAutomation/lib/InputTestdata.xls)]]>
            </line>
          </reporter-output>
        </test-method> <!-- startseleniumserver -->
        <test-method status="FAIL" signature="datagenerator()[pri:0, instance:procedures_NewFramework.AYSmoke.WebMail.Email_Verification@4242a9]" name="datagenerator" is-config="true" duration-ms="0" started-at="2015-06-29T04:22:07Z" finished-at="2015-06-29T04:22:07Z">
          <exception class="java.lang.NullPointerException">
            <full-stacktrace>
              <![CDATA[java.lang.NullPointerException
	at processor.Processor.datagenerator(Processor.java:467)
	at sun.reflect.NativeMethodAccessorImpl.invoke0(Native Method)
	at sun.reflect.NativeMethodAccessorImpl.invoke(Unknown Source)
	at sun.reflect.DelegatingMethodAccessorImpl.invoke(Unknown Source)
	at java.lang.reflect.Method.invoke(Unknown Source)
	at org.testng.internal.MethodInvocationHelper.invokeMethod(MethodInvocationHelper.java:84)
	at org.testng.internal.Invoker.invokeConfigurationMethod(Invoker.java:564)
	at org.testng.internal.Invoker.invokeConfigurations(Invoker.java:213)
	at org.testng.internal.Invoker.invokeMethod(Invoker.java:653)
	at org.testng.internal.Invoker.invokeTestMethod(Invoker.java:901)
	at org.testng.internal.Invoker.invokeTestMethods(Invoker.java:1231)
	at org.testng.internal.TestMethodWorker.invokeTestMethods(TestMethodWorker.java:127)
	at org.testng.internal.TestMethodWorker.run(TestMethodWorker.java:111)
	at org.testng.TestRunner.privateRun(TestRunner.java:767)
	at org.testng.TestRunner.run(TestRunner.java:617)
	at org.testng.SuiteRunner.runTest(SuiteRunner.java:334)
	at org.testng.SuiteRunner.runSequentially(SuiteRunner.java:329)
	at org.testng.SuiteRunner.privateRun(SuiteRunner.java:291)
	at org.testng.SuiteRunner.run(SuiteRunner.java:240)
	at org.testng.SuiteRunnerWorker.runSuite(SuiteRunnerWorker.java:52)
	at org.testng.SuiteRunnerWorker.run(SuiteRunnerWorker.java:86)
	at org.testng.TestNG.runSuitesSequentially(TestNG.java:1224)
	at org.testng.TestNG.runSuitesLocally(TestNG.java:1149)
	at org.testng.TestNG.run(TestNG.java:1057)
	at org.testng.remote.RemoteTestNG.run(RemoteTestNG.java:111)
	at org.testng.remote.RemoteTestNG.initAndRun(RemoteTestNG.java:204)
	at org.testng.remote.RemoteTestNG.main(RemoteTestNG.java:175)
]]>
            </full-stacktrace>
          </exception> <!-- java.lang.NullPointerException -->
          <reporter-output>
          </reporter-output>
        </test-method> <!-- datagenerator -->
        <test-method status="PASS" signature="failurescreenshot(org.testng.ITestResult, org.testng.ITestContext)[pri:0, instance:procedures_NewFramework.AYSmoke.WebMail.Email_Verification@4242a9]" name="failurescreenshot" is-config="true" duration-ms="234" started-at="2015-06-29T04:22:07Z" finished-at="2015-06-29T04:22:08Z">
          <params>
            <param index="0">
              <value>
                <![CDATA[[TestResult name=Email_Verification status=SKIP method=Email_Verification.Email_Verification()[pri:0, instance:procedures_NewFramework.AYSmoke.WebMail.Email_Verification@4242a9] output=Failure Screenshot saved at C:\SeleniumScripts\AYQAAutomation\test-output\Failurescreenshot\Email_Verification_0.PNG]]]>
              </value>
            </param>
            <param index="1">
              <value>
                <![CDATA[org.testng.TestRunner@13e4e54]]>
              </value>
            </param>
          </params>
          <reporter-output>
          </reporter-output>
        </test-method> <!-- failurescreenshot -->
        <test-method status="SKIP" signature="Email_Verification()[pri:0, instance:procedures_NewFramework.AYSmoke.WebMail.Email_Verification@4242a9]" name="Email_Verification" duration-ms="0" started-at="2015-06-29T04:22:07Z" description="This Procedure is used to Perform operation and Verification in Received Email in User Account Hobsons" finished-at="2015-06-29T04:22:07Z">
          <reporter-output>
            <line>
              <![CDATA[Failure Screenshot saved at C:\SeleniumScripts\AYQAAutomation\test-output\Failurescreenshot\Email_Verification_0.PNG]]>
            </line>
            <line>
              <![CDATA[<a href='file:///C:\SeleniumScripts\AYQAAutomation\test-output\Failurescreenshot\Email_Verification_0.PNG'><img src='file:///C:\SeleniumScripts\AYQAAutomation\test-output\Failurescreenshot\Email_Verification_0.PNG' height='200' width='200'></a>]]>
            </line>
          </reporter-output>
        </test-method> <!-- Email_Verification -->
        <test-method status="PASS" signature="shutdownseleniumserver(org.testng.ITestContext)[pri:0, instance:procedures_NewFramework.AYSmoke.WebMail.Email_Verification@4242a9]" name="shutdownseleniumserver" is-config="true" duration-ms="406" started-at="2015-06-29T04:22:08Z" finished-at="2015-06-29T04:22:08Z">
          <params>
            <param index="0">
              <value>
                <![CDATA[org.testng.TestRunner@13e4e54]]>
              </value>
            </param>
          </params>
          <reporter-output>
          </reporter-output>
        </test-method> <!-- shutdownseleniumserver -->
      </class> <!-- procedures_NewFramework.AYSmoke.WebMail.Email_Verification -->
    </test> <!-- Default test -->
  </suite> <!-- Default suite -->
</testng-results>
