<?xml version="1.0" encoding="UTF-8"?>
<testng-results skipped="1" failed="0" total="1" passed="0">
  <reporter-output>
    <line>
      <![CDATA[Proceed to Get Browser Name from Excel Sheet(C:/Selenium/InputTestdata.xls)]]>
    </line>
    <line>
      <![CDATA[Proceed to Read Run time Data from Excel Sheet in the location (C:/Selenium/InputTestdata.xls)]]>
    </line>
    <line>
      <![CDATA[Failure Screenshot saved at C:\SeleniumScripts\AYQAAutomation\test-output\Failurescreenshot\MC_ScheduleExport_Input_0.PNG]]>
    </line>
    <line>
      <![CDATA[<a href='file:///C:\SeleniumScripts\AYQAAutomation\test-output\Failurescreenshot\MC_ScheduleExport_Input_0.PNG'><img src='file:///C:\SeleniumScripts\AYQAAutomation\test-output\Failurescreenshot\MC_ScheduleExport_Input_0.PNG' height='200' width='200'></a>]]>
    </line>
    <line>
      <![CDATA[<p><a href="#Detail">back to details</a></p>]]>
    </line>
    <line>
      <![CDATA[<hr noshade="noshade"/> ]]>
    </line>
  </reporter-output>
  <suite name="Default suite" duration-ms="311" started-at="2014-11-26T09:14:48Z" finished-at="2014-11-26T09:14:49Z">
    <groups>
    </groups>
    <test name="Default test" duration-ms="311" started-at="2014-11-26T09:14:48Z" finished-at="2014-11-26T09:14:49Z">
      <class name="procedures_NewFramework.AYSmoke.MaintenanceCenter.MC_ScheduleExport_Input">
        <test-method status="PASS" signature="startseleniumserver(org.testng.ITestContext)[pri:0, instance:procedures_NewFramework.AYSmoke.MaintenanceCenter.MC_ScheduleExport_Input@b536e6]" name="startseleniumserver" is-config="true" duration-ms="9689" started-at="2014-11-26T04:14:39Z" finished-at="2014-11-26T04:14:48Z">
          <params>
            <param index="0">
              <value>
                <![CDATA[org.testng.TestRunner@14badea]]>
              </value>
            </param>
          </params>
          <reporter-output>
            <line>
              <![CDATA[Proceed to Get Browser Name from Excel Sheet(C:/Selenium/InputTestdata.xls)]]>
            </line>
            <line>
              <![CDATA[Proceed to Read Run time Data from Excel Sheet in the location (C:/Selenium/InputTestdata.xls)]]>
            </line>
          </reporter-output>
        </test-method> <!-- startseleniumserver -->
        <test-method status="FAIL" signature="datagenerator()[pri:0, instance:procedures_NewFramework.AYSmoke.MaintenanceCenter.MC_ScheduleExport_Input@b536e6]" name="datagenerator" is-config="true" duration-ms="0" started-at="2014-11-26T04:14:48Z" finished-at="2014-11-26T04:14:48Z">
          <exception class="java.lang.NullPointerException">
            <full-stacktrace>
              <![CDATA[java.lang.NullPointerException
	at processor.Processor.datagenerator(Processor.java:461)
	at sun.reflect.NativeMethodAccessorImpl.invoke0(Native Method)
	at sun.reflect.NativeMethodAccessorImpl.invoke(Unknown Source)
	at sun.reflect.DelegatingMethodAccessorImpl.invoke(Unknown Source)
	at java.lang.reflect.Method.invoke(Unknown Source)
	at org.testng.internal.MethodInvocationHelper.invokeMethod(MethodInvocationHelper.java:84)
	at org.testng.internal.Invoker.invokeConfigurationMethod(Invoker.java:564)
	at org.testng.internal.Invoker.invokeConfigurations(Invoker.java:213)
	at org.testng.internal.Invoker.invokeMethod(Invoker.java:653)
	at org.testng.internal.Invoker.invokeTestMethod(Invoker.java:901)
	at org.testng.internal.Invoker.invokeTestMethods(Invoker.java:1231)
	at org.testng.internal.TestMethodWorker.invokeTestMethods(TestMethodWorker.java:127)
	at org.testng.internal.TestMethodWorker.run(TestMethodWorker.java:111)
	at org.testng.TestRunner.privateRun(TestRunner.java:767)
	at org.testng.TestRunner.run(TestRunner.java:617)
	at org.testng.SuiteRunner.runTest(SuiteRunner.java:334)
	at org.testng.SuiteRunner.runSequentially(SuiteRunner.java:329)
	at org.testng.SuiteRunner.privateRun(SuiteRunner.java:291)
	at org.testng.SuiteRunner.run(SuiteRunner.java:240)
	at org.testng.SuiteRunnerWorker.runSuite(SuiteRunnerWorker.java:52)
	at org.testng.SuiteRunnerWorker.run(SuiteRunnerWorker.java:86)
	at org.testng.TestNG.runSuitesSequentially(TestNG.java:1224)
	at org.testng.TestNG.runSuitesLocally(TestNG.java:1149)
	at org.testng.TestNG.run(TestNG.java:1057)
	at org.testng.remote.RemoteTestNG.run(RemoteTestNG.java:111)
	at org.testng.remote.RemoteTestNG.initAndRun(RemoteTestNG.java:204)
	at org.testng.remote.RemoteTestNG.main(RemoteTestNG.java:175)
]]>
            </full-stacktrace>
          </exception> <!-- java.lang.NullPointerException -->
          <reporter-output>
          </reporter-output>
        </test-method> <!-- datagenerator -->
        <test-method status="SKIP" signature="MC_ScheduleExport_Input()[pri:0, instance:procedures_NewFramework.AYSmoke.MaintenanceCenter.MC_ScheduleExport_Input@b536e6]" name="MC_ScheduleExport_Input" duration-ms="1" started-at="2014-11-26T04:14:48Z" description="This Procedure is to perform some Operation in &#039;Schedule Exports Add/Edit&#039; page" finished-at="2014-11-26T04:14:48Z">
          <reporter-output>
            <line>
              <![CDATA[Failure Screenshot saved at C:\SeleniumScripts\AYQAAutomation\test-output\Failurescreenshot\MC_ScheduleExport_Input_0.PNG]]>
            </line>
            <line>
              <![CDATA[<a href='file:///C:\SeleniumScripts\AYQAAutomation\test-output\Failurescreenshot\MC_ScheduleExport_Input_0.PNG'><img src='file:///C:\SeleniumScripts\AYQAAutomation\test-output\Failurescreenshot\MC_ScheduleExport_Input_0.PNG' height='200' width='200'></a>]]>
            </line>
          </reporter-output>
        </test-method> <!-- MC_ScheduleExport_Input -->
        <test-method status="PASS" signature="failurescreenshot(org.testng.ITestResult, org.testng.ITestContext)[pri:0, instance:procedures_NewFramework.AYSmoke.MaintenanceCenter.MC_ScheduleExport_Input@b536e6]" name="failurescreenshot" is-config="true" duration-ms="261" started-at="2014-11-26T04:14:48Z" finished-at="2014-11-26T04:14:49Z">
          <params>
            <param index="0">
              <value>
                <![CDATA[[TestResult name=MC_ScheduleExport_Input status=SKIP method=MC_ScheduleExport_Input.MC_ScheduleExport_Input()[pri:0, instance:procedures_NewFramework.AYSmoke.MaintenanceCenter.MC_ScheduleExport_Input@b536e6] output=Failure Screenshot saved at C:\SeleniumScripts\AYQAAutomation\test-output\Failurescreenshot\MC_ScheduleExport_Input_0.PNG]]]>
              </value>
            </param>
            <param index="1">
              <value>
                <![CDATA[org.testng.TestRunner@14badea]]>
              </value>
            </param>
          </params>
          <reporter-output>
          </reporter-output>
        </test-method> <!-- failurescreenshot -->
        <test-method status="PASS" signature="shutdownseleniumserver(org.testng.ITestContext)[pri:0, instance:procedures_NewFramework.AYSmoke.MaintenanceCenter.MC_ScheduleExport_Input@b536e6]" name="shutdownseleniumserver" is-config="true" duration-ms="217" started-at="2014-11-26T04:14:49Z" finished-at="2014-11-26T04:14:49Z">
          <params>
            <param index="0">
              <value>
                <![CDATA[org.testng.TestRunner@14badea]]>
              </value>
            </param>
          </params>
          <reporter-output>
          </reporter-output>
        </test-method> <!-- shutdownseleniumserver -->
      </class> <!-- procedures_NewFramework.AYSmoke.MaintenanceCenter.MC_ScheduleExport_Input -->
    </test> <!-- Default test -->
  </suite> <!-- Default suite -->
</testng-results>
